25 abr. 2020 - 14:12:27,761 (AWT-EventQueue-0) ERROR [concesionario.cliente.ventana.cliente.VentanaVisualizarTarifas] - No llega ninguna tarifa.
26 abr. 2020 - 00:07:32,869 (AWT-EventQueue-0) INFO  [concesionario.cliente.ventana.cliente.VentanaVisualizarTarifas] - Cliente registrado correctamente.
27 abr. 2020 - 15:34:01,882 (AWT-EventQueue-0) INFO  [concesionario.cliente.ventana.cliente.VentanaVisualizarTarifas] - Cliente registrado correctamente.
27 abr. 2020 - 20:37:45,679 (AWT-EventQueue-0) ERROR [concesionario.cliente.ventana.gerente.VentanaEmpleados] - No hay ningun empleado.
27 abr. 2020 - 20:38:23,432 (AWT-EventQueue-0) INFO  [concesionario.cliente.ventana.gerente.VentanaRegistroDepartamentoCompras] - Empleado Departamento Compras registrado.
27 abr. 2020 - 20:38:45,965 (AWT-EventQueue-0) ERROR [concesionario.cliente.ventana.departamentoCompras.VentanaPiezasUtilizadas] - No hay piezas utilizadas.
27 abr. 2020 - 20:39:24,601 (AWT-EventQueue-0) INFO  [concesionario.cliente.ventana.departamentoCompras.VentanaRegistoPiezas] - Pieza añadida correctamente.
27 abr. 2020 - 21:16:19,708 (AWT-EventQueue-0) INFO  [concesionario.cliente.ventana.gerente.VentanaRegistroDepartamentoCompras] - Empleado Departamento Compras registrado.
28 abr. 2020 - 00:56:32,759 (AWT-EventQueue-0) INFO  [concesionario.cliente.ventana.departamentoCompras.VentanaRegistoPiezas] - Pieza añadida correctamente.
28 abr. 2020 - 15:56:57,142 (main) INFO  [rendimiento.RendimientoTest] - Entering setUp
28 abr. 2020 - 15:56:58,697 (main) INFO  [rendimiento.RendimientoTest] - Exiting setUp
28 abr. 2020 - 15:57:01,515 (main) INFO  [rendimiento.RendimientoTest] - Entering setUp
28 abr. 2020 - 15:59:02,066 (main) INFO  [rendimiento.RendimientoTest] - Entering setUp
28 abr. 2020 - 15:59:03,537 (main) INFO  [rendimiento.RendimientoTest] - Exiting setUp
28 abr. 2020 - 15:59:42,388 (main) INFO  [rendimiento.RendimientoTest] - Entering setUp
28 abr. 2020 - 15:59:43,957 (main) INFO  [rendimiento.RendimientoTest] - Exiting setUp
28 abr. 2020 - 16:02:47,914 (main) INFO  [rendimiento.RendimientoTest] - Entering setUp
28 abr. 2020 - 16:02:49,504 (main) INFO  [rendimiento.RendimientoTest] - Exiting setUp
28 abr. 2020 - 16:02:52,694 (main) INFO  [rendimiento.RendimientoTest] - Entering setUp
28 abr. 2020 - 16:03:41,227 (main) INFO  [rendimiento.RendimientoTest] - Entering setUp
28 abr. 2020 - 16:03:42,955 (main) INFO  [rendimiento.RendimientoTest] - Exiting setUp
28 abr. 2020 - 16:03:45,814 (main) INFO  [rendimiento.RendimientoTest] - Entering setUp
28 abr. 2020 - 16:04:30,806 (main) INFO  [rendimiento.RendimientoTest] - Entering setUp
28 abr. 2020 - 16:04:32,161 (main) INFO  [rendimiento.RendimientoTest] - Exiting setUp
28 abr. 2020 - 16:04:34,813 (main) INFO  [rendimiento.RendimientoTest] - Entering setUp
28 abr. 2020 - 16:04:59,193 (main) INFO  [rendimiento.RendimientoTest] - Entering setUp
28 abr. 2020 - 16:05:00,633 (main) INFO  [rendimiento.RendimientoTest] - Exiting setUp
03 may. 2020 - 18:13:27,174 (main) INFO  [rendimiento.RendimientoTest] - Entering setUp
03 may. 2020 - 18:13:28,321 (main) INFO  [rendimiento.RendimientoTest] - Exiting setUp
04 may. 2020 - 13:23:37,402 (main) INFO  [rendimiento.RendimientoTest] - Entering setUp
04 may. 2020 - 13:23:38,719 (main) INFO  [rendimiento.RendimientoTest] - Exiting setUp
04 may. 2020 - 13:32:29,353 (main) INFO  [rendimiento.RendimientoTest] - Entering setUp
04 may. 2020 - 13:32:30,797 (main) INFO  [rendimiento.RendimientoTest] - Exiting setUp
04 may. 2020 - 13:33:51,726 (main) INFO  [rendimiento.RendimientoTest] - Entering setUp
04 may. 2020 - 13:33:53,490 (main) INFO  [rendimiento.RendimientoTest] - Exiting setUp
04 may. 2020 - 13:36:30,287 (main) INFO  [rendimiento.RendimientoTest] - Entering setUp
04 may. 2020 - 13:36:32,662 (main) INFO  [rendimiento.RendimientoTest] - Exiting setUp
